CRITICAL - 2024-05-11 16:36:01 --> CodeIgniter\View\Exceptions\ViewException: Invalid file: "alumnos/inicio.php"
[Method: GET, Route: alumnos]
in SYSTEMPATH\Exceptions\FrameworkException.php on line 41.
 1 SYSTEMPATH\View\View.php(222): CodeIgniter\Exceptions\FrameworkException::forInvalidFile('alumnos/inicio.php')
 2 SYSTEMPATH\Common.php(1171): CodeIgniter\View\View->render('alumnos/inicio', [], true)
 3 APPPATH\Controllers\Alumnos.php(9): view('alumnos/inicio')
 4 SYSTEMPATH\CodeIgniter.php(933): App\Controllers\Alumnos->index()
 5 SYSTEMPATH\CodeIgniter.php(509): CodeIgniter\CodeIgniter->runController(Object(App\Controllers\Alumnos))
 6 SYSTEMPATH\CodeIgniter.php(355): CodeIgniter\CodeIgniter->handleRequest(null, Object(Config\Cache), false)
 7 SYSTEMPATH\Boot.php(312): CodeIgniter\CodeIgniter->run()
 8 SYSTEMPATH\Boot.php(67): CodeIgniter\Boot::runCodeIgniter(Object(CodeIgniter\CodeIgniter))
 9 FCPATH\index.php(56): CodeIgniter\Boot::bootWeb(Object(Config\Paths))
CRITICAL - 2024-05-11 16:37:33 --> CodeIgniter\View\Exceptions\ViewException: Invalid file: "alumnos/inicio.php"
[Method: GET, Route: alumnos]
in SYSTEMPATH\Exceptions\FrameworkException.php on line 41.
 1 SYSTEMPATH\View\View.php(222): CodeIgniter\Exceptions\FrameworkException::forInvalidFile('alumnos/inicio.php')
 2 SYSTEMPATH\Common.php(1171): CodeIgniter\View\View->render('alumnos/inicio', [], true)
 3 APPPATH\Controllers\Alumnos.php(9): view('alumnos/inicio')
 4 SYSTEMPATH\CodeIgniter.php(933): App\Controllers\Alumnos->index()
 5 SYSTEMPATH\CodeIgniter.php(509): CodeIgniter\CodeIgniter->runController(Object(App\Controllers\Alumnos))
 6 SYSTEMPATH\CodeIgniter.php(355): CodeIgniter\CodeIgniter->handleRequest(null, Object(Config\Cache), false)
 7 SYSTEMPATH\Boot.php(312): CodeIgniter\CodeIgniter->run()
 8 SYSTEMPATH\Boot.php(67): CodeIgniter\Boot::runCodeIgniter(Object(CodeIgniter\CodeIgniter))
 9 FCPATH\index.php(56): CodeIgniter\Boot::bootWeb(Object(Config\Paths))
CRITICAL - 2024-05-11 16:37:44 --> CodeIgniter\View\Exceptions\ViewException: Invalid file: "alumnos/inicio.php"
[Method: GET, Route: alumnos]
in SYSTEMPATH\Exceptions\FrameworkException.php on line 41.
 1 SYSTEMPATH\View\View.php(222): CodeIgniter\Exceptions\FrameworkException::forInvalidFile('alumnos/inicio.php')
 2 SYSTEMPATH\Common.php(1171): CodeIgniter\View\View->render('alumnos/inicio', [], true)
 3 APPPATH\Controllers\Alumnos.php(9): view('alumnos/inicio')
 4 SYSTEMPATH\CodeIgniter.php(933): App\Controllers\Alumnos->index()
 5 SYSTEMPATH\CodeIgniter.php(509): CodeIgniter\CodeIgniter->runController(Object(App\Controllers\Alumnos))
 6 SYSTEMPATH\CodeIgniter.php(355): CodeIgniter\CodeIgniter->handleRequest(null, Object(Config\Cache), false)
 7 SYSTEMPATH\Boot.php(312): CodeIgniter\CodeIgniter->run()
 8 SYSTEMPATH\Boot.php(67): CodeIgniter\Boot::runCodeIgniter(Object(CodeIgniter\CodeIgniter))
 9 FCPATH\index.php(56): CodeIgniter\Boot::bootWeb(Object(Config\Paths))
